<?xml version="1.0" encoding="UTF-8"?>
<!-- Generated by org.testng.reporters.JUnitReportReporter -->
<testsuite hostname="BGR644L7R1" failures="0" tests="2" name="com.danube.qa.testcases.LoginPageTest" time="21.739" errors="0" timestamp="06 May 2019 14:07:45 GMT" skipped="0">
  <testcase classname="com.danube.qa.testcases.LoginPageTest" name="loginPageTitleTest" time="9.065"/>
  <testcase classname="com.danube.qa.testcases.LoginPageTest" name="loginPageLoginTest" time="12.674"/>
</testsuite> <!-- com.danube.qa.testcases.LoginPageTest -->
